<?xml version="1.0" encoding="UTF-8"?>
<testsuite name="View 컨트롤러 - 게시글" tests="14" skipped="1" failures="0" errors="0" timestamp="2023-09-18T21:45:33" hostname="YEONEW-DESKTOP" time="0.405">
  <properties/>
  <testcase name="[view][POST] 게시글 수정 - 정상 호출" classname="com.yeonew.readinggarden.controller.ArticleControllerTest" time="0.017"/>
  <testcase name="[view][GET] 게시글 해시태그 검색 페이지 - 정상 호출, 해시태그 입력" classname="com.yeonew.readinggarden.controller.ArticleControllerTest" time="0.209"/>
  <testcase name="[view][GET] 게시글 페이지 - 정상 호출, 인증된 사용자" classname="com.yeonew.readinggarden.controller.ArticleControllerTest" time="0.036"/>
  <testcase name="[view][GET] 게시글 수정 페이지 - 정상 호출, 인증된 사용자" classname="com.yeonew.readinggarden.controller.ArticleControllerTest" time="0.018"/>
  <testcase name="[view][GET] 게시글 검색 전용 페이지 - 정상 호출" classname="com.yeonew.readinggarden.controller.ArticleControllerTest" time="0.0">
    <skipped/>
  </testcase>
  <testcase name="[view][GET] 게시글 리스트 (게시판) 페이지 - 검색어와 함께 호출" classname="com.yeonew.readinggarden.controller.ArticleControllerTest" time="0.02"/>
  <testcase name="[view][GET] 새 게시글 작성 페이지" classname="com.yeonew.readinggarden.controller.ArticleControllerTest" time="0.008"/>
  <testcase name="[view][GET] 게시글 해시태그 검색 페이지 - 정상 호출" classname="com.yeonew.readinggarden.controller.ArticleControllerTest" time="0.011"/>
  <testcase name="[view][GET] 게시글 리스트 (게시판) 페이지 - 페이징, 정렬 기능" classname="com.yeonew.readinggarden.controller.ArticleControllerTest" time="0.014"/>
  <testcase name="[view][POST] 게시글 삭제 - 정상 호출" classname="com.yeonew.readinggarden.controller.ArticleControllerTest" time="0.011"/>
  <testcase name="[view][GET] 게시글 페이지 - 인증 없을 땐 로그인 페이지로 이동" classname="com.yeonew.readinggarden.controller.ArticleControllerTest" time="0.011"/>
  <testcase name="[view][GET] 게시글 리스트 (게시판) 페이지 - 정상 호출" classname="com.yeonew.readinggarden.controller.ArticleControllerTest" time="0.01"/>
  <testcase name="[view][POST] 새 게시글 등록 - 정상 호출" classname="com.yeonew.readinggarden.controller.ArticleControllerTest" time="0.009"/>
  <testcase name="[view][GET] 게시글 수정 페이지 - 인증 없을 땐 로그인 페이지로 이동" classname="com.yeonew.readinggarden.controller.ArticleControllerTest" time="0.006"/>
  <system-out><![CDATA[2023-09-19 06:45:32.063  INFO 17372 --- [    Test worker] .b.t.a.w.s.WebMvcTestContextBootstrapper : Neither @ContextConfiguration nor @ContextHierarchy found for test class [com.yeonew.readinggarden.controller.ArticleControllerTest], using SpringBootContextLoader
2023-09-19 06:45:32.064  INFO 17372 --- [    Test worker] o.s.t.c.support.AbstractContextLoader    : Could not detect default resource locations for test class [com.yeonew.readinggarden.controller.ArticleControllerTest]: no resource found for suffixes {-context.xml, Context.groovy}.
2023-09-19 06:45:32.064  INFO 17372 --- [    Test worker] t.c.s.AnnotationConfigContextLoaderUtils : Could not detect default configuration classes for test class [com.yeonew.readinggarden.controller.ArticleControllerTest]: ArticleControllerTest does not declare any static, non-private, non-final, nested classes annotated with @Configuration.
2023-09-19 06:45:32.069  INFO 17372 --- [    Test worker] .b.t.c.SpringBootTestContextBootstrapper : Found @SpringBootConfiguration com.yeonew.readinggarden.ReadingGardenApplication for test class com.yeonew.readinggarden.controller.ArticleControllerTest
2023-09-19 06:45:32.069  INFO 17372 --- [    Test worker] .b.t.a.w.s.WebMvcTestContextBootstrapper : Loaded default TestExecutionListener class names from location [META-INF/spring.factories]: [org.springframework.security.test.context.support.WithSecurityContextTestExecutionListener, org.springframework.security.test.context.support.ReactorContextTestExecutionListener, org.springframework.boot.test.autoconfigure.restdocs.RestDocsTestExecutionListener, org.springframework.boot.test.autoconfigure.web.client.MockRestServiceServerResetTestExecutionListener, org.springframework.boot.test.autoconfigure.web.servlet.MockMvcPrintOnlyOnFailureTestExecutionListener, org.springframework.boot.test.autoconfigure.web.servlet.WebDriverTestExecutionListener, org.springframework.boot.test.autoconfigure.webservices.client.MockWebServiceServerTestExecutionListener, org.springframework.boot.test.mock.mockito.MockitoTestExecutionListener, org.springframework.boot.test.mock.mockito.ResetMocksTestExecutionListener, org.springframework.test.context.web.ServletTestExecutionListener, org.springframework.test.context.support.DirtiesContextBeforeModesTestExecutionListener, org.springframework.test.context.event.ApplicationEventsTestExecutionListener, org.springframework.test.context.support.DependencyInjectionTestExecutionListener, org.springframework.test.context.support.DirtiesContextTestExecutionListener, org.springframework.test.context.transaction.TransactionalTestExecutionListener, org.springframework.test.context.jdbc.SqlScriptsTestExecutionListener, org.springframework.test.context.event.EventPublishingTestExecutionListener]
2023-09-19 06:45:32.070  INFO 17372 --- [    Test worker] .b.t.a.w.s.WebMvcTestContextBootstrapper : Using TestExecutionListeners: [org.springframework.test.context.web.ServletTestExecutionListener@17765082, org.springframework.test.context.support.DirtiesContextBeforeModesTestExecutionListener@17fac5b2, org.springframework.test.context.event.ApplicationEventsTestExecutionListener@75dc1d5a, org.springframework.boot.test.mock.mockito.MockitoTestExecutionListener@1946d235, org.springframework.boot.test.autoconfigure.SpringBootDependencyInjectionTestExecutionListener@3c9163df, org.springframework.test.context.support.DirtiesContextTestExecutionListener@7d07e6aa, org.springframework.test.context.transaction.TransactionalTestExecutionListener@68a4129d, org.springframework.test.context.jdbc.SqlScriptsTestExecutionListener@475ca2c6, org.springframework.security.test.context.support.WithSecurityContextTestExecutionListener@7064ae69, org.springframework.test.context.event.EventPublishingTestExecutionListener@32142479, org.springframework.security.test.context.support.ReactorContextTestExecutionListener@7aece85c, org.springframework.boot.test.autoconfigure.restdocs.RestDocsTestExecutionListener@58842f55, org.springframework.boot.test.autoconfigure.web.client.MockRestServiceServerResetTestExecutionListener@dc6c5ca, org.springframework.boot.test.autoconfigure.web.servlet.MockMvcPrintOnlyOnFailureTestExecutionListener@1e620fe7, org.springframework.boot.test.autoconfigure.web.servlet.WebDriverTestExecutionListener@351aa7f, org.springframework.boot.test.autoconfigure.webservices.client.MockWebServiceServerTestExecutionListener@7a56c3c7, org.springframework.boot.test.mock.mockito.ResetMocksTestExecutionListener@4105b1d2]

  .   ____          _            __ _ _
 /\\ / ___'_ __ _ _(_)_ __  __ _ \ \ \ \
( ( )\___ | '_ | '_| | '_ \/ _` | \ \ \ \
 \\/  ___)| |_)| | | | | || (_| |  ) ) ) )
  '  |____| .__|_| |_|_| |_\__, | / / / /
 =========|_|==============|___/=/_/_/_/
 :: Spring Boot ::                (v2.7.0)

2023-09-19 06:45:32.091  INFO 17372 --- [    Test worker] c.y.r.controller.ArticleControllerTest   : Starting ArticleControllerTest using Java 17.0.5 on YEONEW-DESKTOP with PID 17372 (started by user in D:\workspace\project\reaing-garden)
2023-09-19 06:45:32.091 DEBUG 17372 --- [    Test worker] c.y.r.controller.ArticleControllerTest   : Running with Spring Boot v2.7.0, Spring v5.3.20
2023-09-19 06:45:32.091  INFO 17372 --- [    Test worker] c.y.r.controller.ArticleControllerTest   : No active profile set, falling back to 1 default profile: "default"
2023-09-19 06:45:32.386  INFO 17372 --- [    Test worker] o.s.b.a.w.s.WelcomePageHandlerMapping    : Adding welcome page template: index
2023-09-19 06:45:32.406 DEBUG 17372 --- [    Test worker] s.w.s.m.m.a.RequestMappingHandlerMapping : 10 mappings in 'requestMappingHandlerMapping'
2023-09-19 06:45:32.965 DEBUG 17372 --- [    Test worker] o.s.w.s.handler.SimpleUrlHandlerMapping  : Patterns [/webjars/**, /**] in 'resourceHandlerMapping'
2023-09-19 06:45:33.048  INFO 17372 --- [    Test worker] o.s.s.web.DefaultSecurityFilterChain     : Will secure any request with [org.springframework.security.web.session.DisableEncodeUrlFilter@397fd951, org.springframework.security.web.context.request.async.WebAsyncManagerIntegrationFilter@6d2fe236, org.springframework.security.web.context.SecurityContextPersistenceFilter@5b7737eb, org.springframework.security.web.header.HeaderWriterFilter@3d48674, org.springframework.security.web.csrf.CsrfFilter@216bd6cd, org.springframework.security.web.authentication.logout.LogoutFilter@64cde9a5, org.springframework.security.oauth2.client.web.OAuth2AuthorizationRequestRedirectFilter@62ccf42c, org.springframework.security.oauth2.client.web.OAuth2LoginAuthenticationFilter@65227bd6, org.springframework.security.web.authentication.UsernamePasswordAuthenticationFilter@69c7b870, org.springframework.security.web.authentication.ui.DefaultLoginPageGeneratingFilter@1d0e2c96, org.springframework.security.web.authentication.ui.DefaultLogoutPageGeneratingFilter@68c7162b, org.springframework.security.web.savedrequest.RequestCacheAwareFilter@3415ecfe, org.springframework.security.web.servletapi.SecurityContextHolderAwareRequestFilter@13553b2e, org.springframework.security.web.authentication.AnonymousAuthenticationFilter@1e4d3c2e, org.springframework.security.web.session.SessionManagementFilter@24555012, org.springframework.security.web.access.ExceptionTranslationFilter@6ce07db6, org.springframework.security.web.access.intercept.AuthorizationFilter@327dcf8c]
2023-09-19 06:45:33.099 DEBUG 17372 --- [    Test worker] s.w.s.m.m.a.RequestMappingHandlerAdapter : ControllerAdvice beans: 0 @ModelAttribute, 0 @InitBinder, 1 RequestBodyAdvice, 1 ResponseBodyAdvice
2023-09-19 06:45:33.111 DEBUG 17372 --- [    Test worker] .m.m.a.ExceptionHandlerExceptionResolver : ControllerAdvice beans: 0 @ExceptionHandler, 1 ResponseBodyAdvice
2023-09-19 06:45:33.238  INFO 17372 --- [    Test worker] o.s.b.t.m.w.SpringBootMockServletContext : Initializing Spring TestDispatcherServlet ''
2023-09-19 06:45:33.238  INFO 17372 --- [    Test worker] o.s.t.web.servlet.TestDispatcherServlet  : Initializing Servlet ''
2023-09-19 06:45:33.238  INFO 17372 --- [    Test worker] o.s.t.web.servlet.TestDispatcherServlet  : Completed initialization in 0 ms
2023-09-19 06:45:33.248  INFO 17372 --- [    Test worker] c.y.r.controller.ArticleControllerTest   : Started ArticleControllerTest in 1.176 seconds (JVM running for 13.27)
2023-09-19 06:45:33.262 DEBUG 17372 --- [    Test worker] s.w.s.m.m.a.RequestMappingHandlerMapping : Mapped to com.yeonew.readinggarden.controller.ArticleController#updateArticle(Long, BoardPrincipal, ArticleRequest)
2023-09-19 06:45:33.263 DEBUG 17372 --- [    Test worker] s.w.s.m.m.a.RequestMappingHandlerMapping : Mapped to com.yeonew.readinggarden.controller.ArticleController#updateArticle(Long, BoardPrincipal, ArticleRequest)
2023-09-19 06:45:33.267 DEBUG 17372 --- [    Test worker] o.s.web.servlet.view.RedirectView        : View name 'redirect:', model {}
2023-09-19 06:45:33.280 DEBUG 17372 --- [    Test worker] s.w.s.m.m.a.RequestMappingHandlerMapping : Mapped to com.yeonew.readinggarden.controller.ArticleController#searchArticleHashtag(String, Pageable, ModelMap)
2023-09-19 06:45:33.281 DEBUG 17372 --- [    Test worker] s.w.s.m.m.a.RequestMappingHandlerMapping : Mapped to com.yeonew.readinggarden.controller.ArticleController#searchArticleHashtag(String, Pageable, ModelMap)
2023-09-19 06:45:33.281 DEBUG 17372 --- [    Test worker] s.w.s.m.m.a.RequestMappingHandlerMapping : Mapped to com.yeonew.readinggarden.controller.ArticleController#searchArticleHashtag(String, Pageable, ModelMap)
2023-09-19 06:45:33.281 DEBUG 17372 --- [    Test worker] s.w.s.m.m.a.RequestMappingHandlerMapping : Mapped to com.yeonew.readinggarden.controller.ArticleController#searchArticleHashtag(String, Pageable, ModelMap)
2023-09-19 06:45:33.281 DEBUG 17372 --- [    Test worker] s.w.s.m.m.a.RequestMappingHandlerMapping : Mapped to com.yeonew.readinggarden.controller.ArticleController#searchArticleHashtag(String, Pageable, ModelMap)
2023-09-19 06:45:33.296 DEBUG 17372 --- [    Test worker] o.s.w.s.v.ContentNegotiatingViewResolver : Selected '*/*' given [*/*]
2023-09-19 06:45:33.492 DEBUG 17372 --- [    Test worker] s.w.s.m.m.a.RequestMappingHandlerMapping : Mapped to com.yeonew.readinggarden.controller.ArticleController#article(Long, ModelMap)
2023-09-19 06:45:33.493 DEBUG 17372 --- [    Test worker] s.w.s.m.m.a.RequestMappingHandlerMapping : Mapped to com.yeonew.readinggarden.controller.ArticleController#article(Long, ModelMap)
2023-09-19 06:45:33.493 DEBUG 17372 --- [    Test worker] s.w.s.m.m.a.RequestMappingHandlerMapping : Mapped to com.yeonew.readinggarden.controller.ArticleController#article(Long, ModelMap)
2023-09-19 06:45:33.493 DEBUG 17372 --- [    Test worker] s.w.s.m.m.a.RequestMappingHandlerMapping : Mapped to com.yeonew.readinggarden.controller.ArticleController#article(Long, ModelMap)
2023-09-19 06:45:33.494 DEBUG 17372 --- [    Test worker] s.w.s.m.m.a.RequestMappingHandlerMapping : Mapped to com.yeonew.readinggarden.controller.ArticleController#article(Long, ModelMap)
2023-09-19 06:45:33.498 DEBUG 17372 --- [    Test worker] o.s.w.s.v.ContentNegotiatingViewResolver : Selected '*/*' given [*/*]
2023-09-19 06:45:33.525 DEBUG 17372 --- [    Test worker] s.w.s.m.m.a.RequestMappingHandlerMapping : Mapped to com.yeonew.readinggarden.controller.ArticleController#updateArticleForm(Long, ModelMap)
2023-09-19 06:45:33.525 DEBUG 17372 --- [    Test worker] s.w.s.m.m.a.RequestMappingHandlerMapping : Mapped to com.yeonew.readinggarden.controller.ArticleController#updateArticleForm(Long, ModelMap)
2023-09-19 06:45:33.526 DEBUG 17372 --- [    Test worker] s.w.s.m.m.a.RequestMappingHandlerMapping : Mapped to com.yeonew.readinggarden.controller.ArticleController#updateArticleForm(Long, ModelMap)
2023-09-19 06:45:33.526 DEBUG 17372 --- [    Test worker] s.w.s.m.m.a.RequestMappingHandlerMapping : Mapped to com.yeonew.readinggarden.controller.ArticleController#updateArticleForm(Long, ModelMap)
2023-09-19 06:45:33.526 DEBUG 17372 --- [    Test worker] s.w.s.m.m.a.RequestMappingHandlerMapping : Mapped to com.yeonew.readinggarden.controller.ArticleController#updateArticleForm(Long, ModelMap)
2023-09-19 06:45:33.528 DEBUG 17372 --- [    Test worker] o.s.w.s.v.ContentNegotiatingViewResolver : Selected '*/*' given [*/*]
2023-09-19 06:45:33.548 DEBUG 17372 --- [    Test worker] s.w.s.m.m.a.RequestMappingHandlerMapping : Mapped to com.yeonew.readinggarden.controller.ArticleController#articles(SearchType, String, Pageable, ModelMap)
2023-09-19 06:45:33.549 DEBUG 17372 --- [    Test worker] s.w.s.m.m.a.RequestMappingHandlerMapping : Mapped to com.yeonew.readinggarden.controller.ArticleController#articles(SearchType, String, Pageable, ModelMap)
2023-09-19 06:45:33.549 DEBUG 17372 --- [    Test worker] s.w.s.m.m.a.RequestMappingHandlerMapping : Mapped to com.yeonew.readinggarden.controller.ArticleController#articles(SearchType, String, Pageable, ModelMap)
2023-09-19 06:45:33.550 DEBUG 17372 --- [    Test worker] s.w.s.m.m.a.RequestMappingHandlerMapping : Mapped to com.yeonew.readinggarden.controller.ArticleController#articles(SearchType, String, Pageable, ModelMap)
2023-09-19 06:45:33.553 DEBUG 17372 --- [    Test worker] o.s.w.s.v.ContentNegotiatingViewResolver : Selected '*/*' given [*/*]
2023-09-19 06:45:33.569 DEBUG 17372 --- [    Test worker] s.w.s.m.m.a.RequestMappingHandlerMapping : Mapped to com.yeonew.readinggarden.controller.ArticleController#articleForm(ModelMap)
2023-09-19 06:45:33.570 DEBUG 17372 --- [    Test worker] s.w.s.m.m.a.RequestMappingHandlerMapping : Mapped to com.yeonew.readinggarden.controller.ArticleController#articleForm(ModelMap)
2023-09-19 06:45:33.570 DEBUG 17372 --- [    Test worker] s.w.s.m.m.a.RequestMappingHandlerMapping : Mapped to com.yeonew.readinggarden.controller.ArticleController#articleForm(ModelMap)
2023-09-19 06:45:33.570 DEBUG 17372 --- [    Test worker] s.w.s.m.m.a.RequestMappingHandlerMapping : Mapped to com.yeonew.readinggarden.controller.ArticleController#articleForm(ModelMap)
2023-09-19 06:45:33.570 DEBUG 17372 --- [    Test worker] s.w.s.m.m.a.RequestMappingHandlerMapping : Mapped to com.yeonew.readinggarden.controller.ArticleController#articleForm(ModelMap)
2023-09-19 06:45:33.571 DEBUG 17372 --- [    Test worker] o.s.w.s.v.ContentNegotiatingViewResolver : Selected '*/*' given [*/*]
2023-09-19 06:45:33.581 DEBUG 17372 --- [    Test worker] s.w.s.m.m.a.RequestMappingHandlerMapping : Mapped to com.yeonew.readinggarden.controller.ArticleController#searchArticleHashtag(String, Pageable, ModelMap)
2023-09-19 06:45:33.581 DEBUG 17372 --- [    Test worker] s.w.s.m.m.a.RequestMappingHandlerMapping : Mapped to com.yeonew.readinggarden.controller.ArticleController#searchArticleHashtag(String, Pageable, ModelMap)
2023-09-19 06:45:33.581 DEBUG 17372 --- [    Test worker] s.w.s.m.m.a.RequestMappingHandlerMapping : Mapped to com.yeonew.readinggarden.controller.ArticleController#searchArticleHashtag(String, Pageable, ModelMap)
2023-09-19 06:45:33.582 DEBUG 17372 --- [    Test worker] s.w.s.m.m.a.RequestMappingHandlerMapping : Mapped to com.yeonew.readinggarden.controller.ArticleController#searchArticleHashtag(String, Pageable, ModelMap)
2023-09-19 06:45:33.582 DEBUG 17372 --- [    Test worker] s.w.s.m.m.a.RequestMappingHandlerMapping : Mapped to com.yeonew.readinggarden.controller.ArticleController#searchArticleHashtag(String, Pageable, ModelMap)
2023-09-19 06:45:33.583 DEBUG 17372 --- [    Test worker] o.s.w.s.v.ContentNegotiatingViewResolver : Selected '*/*' given [*/*]
2023-09-19 06:45:33.594 DEBUG 17372 --- [    Test worker] s.w.s.m.m.a.RequestMappingHandlerMapping : Mapped to com.yeonew.readinggarden.controller.ArticleController#articles(SearchType, String, Pageable, ModelMap)
2023-09-19 06:45:33.594 DEBUG 17372 --- [    Test worker] s.w.s.m.m.a.RequestMappingHandlerMapping : Mapped to com.yeonew.readinggarden.controller.ArticleController#articles(SearchType, String, Pageable, ModelMap)
2023-09-19 06:45:33.594 DEBUG 17372 --- [    Test worker] s.w.s.m.m.a.RequestMappingHandlerMapping : Mapped to com.yeonew.readinggarden.controller.ArticleController#articles(SearchType, String, Pageable, ModelMap)
2023-09-19 06:45:33.595 DEBUG 17372 --- [    Test worker] s.w.s.m.m.a.RequestMappingHandlerMapping : Mapped to com.yeonew.readinggarden.controller.ArticleController#articles(SearchType, String, Pageable, ModelMap)
2023-09-19 06:45:33.599 DEBUG 17372 --- [    Test worker] o.s.w.s.v.ContentNegotiatingViewResolver : Selected '*/*' given [*/*]
2023-09-19 06:45:33.610 DEBUG 17372 --- [    Test worker] s.w.s.m.m.a.RequestMappingHandlerMapping : Mapped to com.yeonew.readinggarden.controller.ArticleController#deleteArticle(Long, BoardPrincipal)
2023-09-19 06:45:33.611 DEBUG 17372 --- [    Test worker] s.w.s.m.m.a.RequestMappingHandlerMapping : Mapped to com.yeonew.readinggarden.controller.ArticleController#deleteArticle(Long, BoardPrincipal)
2023-09-19 06:45:33.613 DEBUG 17372 --- [    Test worker] o.s.web.servlet.view.RedirectView        : View name 'redirect:', model {}
2023-09-19 06:45:33.622 DEBUG 17372 --- [    Test worker] s.w.s.m.m.a.RequestMappingHandlerMapping : Mapped to com.yeonew.readinggarden.controller.ArticleController#article(Long, ModelMap)
2023-09-19 06:45:33.622 DEBUG 17372 --- [    Test worker] s.w.s.m.m.a.RequestMappingHandlerMapping : Mapped to com.yeonew.readinggarden.controller.ArticleController#article(Long, ModelMap)
2023-09-19 06:45:33.622 DEBUG 17372 --- [    Test worker] s.w.s.m.m.a.RequestMappingHandlerMapping : Mapped to com.yeonew.readinggarden.controller.ArticleController#article(Long, ModelMap)
2023-09-19 06:45:33.622 DEBUG 17372 --- [    Test worker] s.w.s.m.m.a.RequestMappingHandlerMapping : Mapped to com.yeonew.readinggarden.controller.ArticleController#article(Long, ModelMap)
2023-09-19 06:45:33.635 DEBUG 17372 --- [    Test worker] s.w.s.m.m.a.RequestMappingHandlerMapping : Mapped to com.yeonew.readinggarden.controller.ArticleController#articles(SearchType, String, Pageable, ModelMap)
2023-09-19 06:45:33.635 DEBUG 17372 --- [    Test worker] s.w.s.m.m.a.RequestMappingHandlerMapping : Mapped to com.yeonew.readinggarden.controller.ArticleController#articles(SearchType, String, Pageable, ModelMap)
2023-09-19 06:45:33.635 DEBUG 17372 --- [    Test worker] s.w.s.m.m.a.RequestMappingHandlerMapping : Mapped to com.yeonew.readinggarden.controller.ArticleController#articles(SearchType, String, Pageable, ModelMap)
2023-09-19 06:45:33.635 DEBUG 17372 --- [    Test worker] s.w.s.m.m.a.RequestMappingHandlerMapping : Mapped to com.yeonew.readinggarden.controller.ArticleController#articles(SearchType, String, Pageable, ModelMap)
2023-09-19 06:45:33.636 DEBUG 17372 --- [    Test worker] o.s.w.s.v.ContentNegotiatingViewResolver : Selected '*/*' given [*/*]
2023-09-19 06:45:33.647 DEBUG 17372 --- [    Test worker] s.w.s.m.m.a.RequestMappingHandlerMapping : Mapped to com.yeonew.readinggarden.controller.ArticleController#postNewArticle(BoardPrincipal, ArticleRequest)
2023-09-19 06:45:33.647 DEBUG 17372 --- [    Test worker] s.w.s.m.m.a.RequestMappingHandlerMapping : Mapped to com.yeonew.readinggarden.controller.ArticleController#postNewArticle(BoardPrincipal, ArticleRequest)
2023-09-19 06:45:33.649 DEBUG 17372 --- [    Test worker] o.s.web.servlet.view.RedirectView        : View name 'redirect:', model {}
2023-09-19 06:45:33.657 DEBUG 17372 --- [    Test worker] s.w.s.m.m.a.RequestMappingHandlerMapping : Mapped to com.yeonew.readinggarden.controller.ArticleController#updateArticleForm(Long, ModelMap)
2023-09-19 06:45:33.657 DEBUG 17372 --- [    Test worker] s.w.s.m.m.a.RequestMappingHandlerMapping : Mapped to com.yeonew.readinggarden.controller.ArticleController#updateArticleForm(Long, ModelMap)
2023-09-19 06:45:33.657 DEBUG 17372 --- [    Test worker] s.w.s.m.m.a.RequestMappingHandlerMapping : Mapped to com.yeonew.readinggarden.controller.ArticleController#updateArticleForm(Long, ModelMap)
2023-09-19 06:45:33.657 DEBUG 17372 --- [    Test worker] s.w.s.m.m.a.RequestMappingHandlerMapping : Mapped to com.yeonew.readinggarden.controller.ArticleController#updateArticleForm(Long, ModelMap)
]]></system-out>
  <system-err><![CDATA[]]></system-err>
</testsuite>
