<?xml version="1.0" encoding="UTF-8"?>
<testsuite name="com.yeonew.readinggarden.ReadingGardenApplicationTests" tests="1" skipped="0" failures="0" errors="0" timestamp="2023-09-18T21:45:30" hostname="YEONEW-DESKTOP" time="0.177">
  <properties/>
  <testcase name="contextLoads()" classname="com.yeonew.readinggarden.ReadingGardenApplicationTests" time="0.177"/>
  <system-out><![CDATA[06:45:21.099 [Test worker] DEBUG org.springframework.test.context.BootstrapUtils - Instantiating CacheAwareContextLoaderDelegate from class [org.springframework.test.context.cache.DefaultCacheAwareContextLoaderDelegate]
06:45:21.109 [Test worker] DEBUG org.springframework.test.context.BootstrapUtils - Instantiating BootstrapContext using constructor [public org.springframework.test.context.support.DefaultBootstrapContext(java.lang.Class,org.springframework.test.context.CacheAwareContextLoaderDelegate)]
06:45:21.147 [Test worker] DEBUG org.springframework.test.context.BootstrapUtils - Instantiating TestContextBootstrapper for test class [com.yeonew.readinggarden.ReadingGardenApplicationTests] from class [org.springframework.boot.test.context.SpringBootTestContextBootstrapper]
06:45:21.159 [Test worker] INFO org.springframework.boot.test.context.SpringBootTestContextBootstrapper - Neither @ContextConfiguration nor @ContextHierarchy found for test class [com.yeonew.readinggarden.ReadingGardenApplicationTests], using SpringBootContextLoader
06:45:21.163 [Test worker] DEBUG org.springframework.test.context.support.AbstractContextLoader - Did not detect default resource location for test class [com.yeonew.readinggarden.ReadingGardenApplicationTests]: class path resource [com/yeonew/readinggarden/ReadingGardenApplicationTests-context.xml] does not exist
06:45:21.164 [Test worker] DEBUG org.springframework.test.context.support.AbstractContextLoader - Did not detect default resource location for test class [com.yeonew.readinggarden.ReadingGardenApplicationTests]: class path resource [com/yeonew/readinggarden/ReadingGardenApplicationTestsContext.groovy] does not exist
06:45:21.164 [Test worker] INFO org.springframework.test.context.support.AbstractContextLoader - Could not detect default resource locations for test class [com.yeonew.readinggarden.ReadingGardenApplicationTests]: no resource found for suffixes {-context.xml, Context.groovy}.
06:45:21.164 [Test worker] INFO org.springframework.test.context.support.AnnotationConfigContextLoaderUtils - Could not detect default configuration classes for test class [com.yeonew.readinggarden.ReadingGardenApplicationTests]: ReadingGardenApplicationTests does not declare any static, non-private, non-final, nested classes annotated with @Configuration.
06:45:21.262 [Test worker] DEBUG org.springframework.context.annotation.ClassPathScanningCandidateComponentProvider - Identified candidate component class: file [D:\workspace\project\reaing-garden\build\classes\java\main\com\yeonew\readinggarden\ReadingGardenApplication.class]
06:45:21.263 [Test worker] INFO org.springframework.boot.test.context.SpringBootTestContextBootstrapper - Found @SpringBootConfiguration com.yeonew.readinggarden.ReadingGardenApplication for test class com.yeonew.readinggarden.ReadingGardenApplicationTests
06:45:21.345 [Test worker] DEBUG org.springframework.boot.test.context.SpringBootTestContextBootstrapper - @TestExecutionListeners is not present for class [com.yeonew.readinggarden.ReadingGardenApplicationTests]: using defaults.
06:45:21.346 [Test worker] INFO org.springframework.boot.test.context.SpringBootTestContextBootstrapper - Loaded default TestExecutionListener class names from location [META-INF/spring.factories]: [org.springframework.security.test.context.support.WithSecurityContextTestExecutionListener, org.springframework.security.test.context.support.ReactorContextTestExecutionListener, org.springframework.boot.test.autoconfigure.restdocs.RestDocsTestExecutionListener, org.springframework.boot.test.autoconfigure.web.client.MockRestServiceServerResetTestExecutionListener, org.springframework.boot.test.autoconfigure.web.servlet.MockMvcPrintOnlyOnFailureTestExecutionListener, org.springframework.boot.test.autoconfigure.web.servlet.WebDriverTestExecutionListener, org.springframework.boot.test.autoconfigure.webservices.client.MockWebServiceServerTestExecutionListener, org.springframework.boot.test.mock.mockito.MockitoTestExecutionListener, org.springframework.boot.test.mock.mockito.ResetMocksTestExecutionListener, org.springframework.test.context.web.ServletTestExecutionListener, org.springframework.test.context.support.DirtiesContextBeforeModesTestExecutionListener, org.springframework.test.context.event.ApplicationEventsTestExecutionListener, org.springframework.test.context.support.DependencyInjectionTestExecutionListener, org.springframework.test.context.support.DirtiesContextTestExecutionListener, org.springframework.test.context.transaction.TransactionalTestExecutionListener, org.springframework.test.context.jdbc.SqlScriptsTestExecutionListener, org.springframework.test.context.event.EventPublishingTestExecutionListener]
06:45:21.365 [Test worker] INFO org.springframework.boot.test.context.SpringBootTestContextBootstrapper - Using TestExecutionListeners: [org.springframework.test.context.web.ServletTestExecutionListener@4628b1d3, org.springframework.test.context.support.DirtiesContextBeforeModesTestExecutionListener@77cf3f8b, org.springframework.test.context.event.ApplicationEventsTestExecutionListener@1df98368, org.springframework.boot.test.mock.mockito.MockitoTestExecutionListener@21ca139c, org.springframework.boot.test.autoconfigure.SpringBootDependencyInjectionTestExecutionListener@226f885f, org.springframework.test.context.support.DirtiesContextTestExecutionListener@2cd2c8fe, org.springframework.test.context.transaction.TransactionalTestExecutionListener@7d61eccf, org.springframework.test.context.jdbc.SqlScriptsTestExecutionListener@cc6460c, org.springframework.security.test.context.support.WithSecurityContextTestExecutionListener@52350abb, org.springframework.test.context.event.EventPublishingTestExecutionListener@681aad3b, org.springframework.security.test.context.support.ReactorContextTestExecutionListener@1a6f2363, org.springframework.boot.test.autoconfigure.restdocs.RestDocsTestExecutionListener@2427e004, org.springframework.boot.test.autoconfigure.web.client.MockRestServiceServerResetTestExecutionListener@5ebd56e9, org.springframework.boot.test.autoconfigure.web.servlet.MockMvcPrintOnlyOnFailureTestExecutionListener@63f34b70, org.springframework.boot.test.autoconfigure.web.servlet.WebDriverTestExecutionListener@641856, org.springframework.boot.test.autoconfigure.webservices.client.MockWebServiceServerTestExecutionListener@1b58ff9e, org.springframework.boot.test.mock.mockito.ResetMocksTestExecutionListener@2f66e802]
06:45:21.371 [Test worker] DEBUG org.springframework.test.context.support.AbstractDirtiesContextTestExecutionListener - Before test class: context [DefaultTestContext@620aa4ea testClass = ReadingGardenApplicationTests, testInstance = [null], testMethod = [null], testException = [null], mergedContextConfiguration = [WebMergedContextConfiguration@2db2dd9d testClass = ReadingGardenApplicationTests, locations = '{}', classes = '{class com.yeonew.readinggarden.ReadingGardenApplication}', contextInitializerClasses = '[]', activeProfiles = '{test}', propertySourceLocations = '{}', propertySourceProperties = '{org.springframework.boot.test.context.SpringBootTestContextBootstrapper=true}', contextCustomizers = set[org.springframework.boot.test.autoconfigure.actuate.metrics.MetricsExportContextCustomizerFactory$DisableMetricExportContextCustomizer@68044f4, org.springframework.boot.test.autoconfigure.properties.PropertyMappingContextCustomizer@0, org.springframework.boot.test.autoconfigure.web.servlet.WebDriverContextCustomizerFactory$Customizer@3f390d63, org.springframework.boot.test.context.filter.ExcludeFilterContextCustomizer@2374d36a, org.springframework.boot.test.json.DuplicateJsonObjectContextCustomizerFactory$DuplicateJsonObjectContextCustomizer@1a45193b, org.springframework.boot.test.mock.mockito.MockitoContextCustomizer@0, org.springframework.boot.test.web.client.TestRestTemplateContextCustomizer@73dce0e6, org.springframework.boot.test.context.SpringBootTestArgs@1, org.springframework.boot.test.context.SpringBootTestWebEnvironment@54a7079e], resourceBasePath = 'src/main/webapp', contextLoader = 'org.springframework.boot.test.context.SpringBootContextLoader', parent = [null]], attributes = map['org.springframework.test.context.web.ServletTestExecutionListener.activateListener' -> true]], class annotated with @DirtiesContext [false] with mode [null].

  .   ____          _            __ _ _
 /\\ / ___'_ __ _ _(_)_ __  __ _ \ \ \ \
( ( )\___ | '_ | '_| | '_ \/ _` | \ \ \ \
 \\/  ___)| |_)| | | | | || (_| |  ) ) ) )
  '  |____| .__|_| |_|_| |_\__, | / / / /
 =========|_|==============|___/=/_/_/_/
 :: Spring Boot ::                (v2.7.0)

2023-09-19 06:45:21.771  INFO 17372 --- [    Test worker] c.y.r.ReadingGardenApplicationTests      : Starting ReadingGardenApplicationTests using Java 17.0.5 on YEONEW-DESKTOP with PID 17372 (started by user in D:\workspace\project\reaing-garden)
2023-09-19 06:45:21.772 DEBUG 17372 --- [    Test worker] c.y.r.ReadingGardenApplicationTests      : Running with Spring Boot v2.7.0, Spring v5.3.20
2023-09-19 06:45:21.773  INFO 17372 --- [    Test worker] c.y.r.ReadingGardenApplicationTests      : The following 1 profile is active: "test"
2023-09-19 06:45:23.034  INFO 17372 --- [    Test worker] .s.d.r.c.RepositoryConfigurationDelegate : Bootstrapping Spring Data JPA repositories in DEFAULT mode.
2023-09-19 06:45:23.113  INFO 17372 --- [    Test worker] .s.d.r.c.RepositoryConfigurationDelegate : Finished Spring Data repository scanning in 71 ms. Found 4 JPA repository interfaces.
2023-09-19 06:45:23.810  INFO 17372 --- [    Test worker] o.hibernate.jpa.internal.util.LogHelper  : HHH000204: Processing PersistenceUnitInfo [name: default]
2023-09-19 06:45:23.879  INFO 17372 --- [    Test worker] org.hibernate.Version                    : HHH000412: Hibernate ORM core version 5.6.9.Final
2023-09-19 06:45:24.091  INFO 17372 --- [    Test worker] o.hibernate.annotations.common.Version   : HCANN000001: Hibernate Commons Annotations {5.1.2.Final}
2023-09-19 06:45:24.220  INFO 17372 --- [    Test worker] com.zaxxer.hikari.HikariDataSource       : HikariPool-1 - Starting...
2023-09-19 06:45:24.399  INFO 17372 --- [    Test worker] com.zaxxer.hikari.HikariDataSource       : HikariPool-1 - Start completed.
2023-09-19 06:45:24.432  INFO 17372 --- [    Test worker] org.hibernate.dialect.Dialect            : HHH000400: Using dialect: org.hibernate.dialect.H2Dialect
Hibernate: 
    
    drop table if exists article CASCADE 
Hibernate: 
    
    drop table if exists article_hashtag CASCADE 
Hibernate: 
    
    drop table if exists article_comment CASCADE 
Hibernate: 
    
    drop table if exists hashtag CASCADE 
Hibernate: 
    
    drop table if exists user_account CASCADE 
Hibernate: 
    
    create table article (
       id bigint generated by default as identity,
        created_at timestamp not null,
        created_by varchar(100) not null,
        modified_at timestamp not null,
        modified_by varchar(100) not null,
        content varchar(10000) not null,
        title varchar(255) not null,
        user_id varchar(50) not null,
        primary key (id)
    )
Hibernate: 
    
    create table article_hashtag (
       article_id bigint not null,
        hashtag_id bigint not null,
        primary key (article_id, hashtag_id)
    )
Hibernate: 
    
    create table article_comment (
       id bigint generated by default as identity,
        created_at timestamp not null,
        created_by varchar(100) not null,
        modified_at timestamp not null,
        modified_by varchar(100) not null,
        content varchar(500) not null,
        parent_comment_id bigint,
        article_id bigint not null,
        user_id varchar(50) not null,
        primary key (id)
    )
Hibernate: 
    
    create table hashtag (
       id bigint generated by default as identity,
        created_at timestamp not null,
        created_by varchar(100) not null,
        modified_at timestamp not null,
        modified_by varchar(100) not null,
        hashtag_name varchar(255) not null,
        primary key (id)
    )
Hibernate: 
    
    create table user_account (
       user_id varchar(50) not null,
        created_at timestamp not null,
        created_by varchar(100) not null,
        modified_at timestamp not null,
        modified_by varchar(100) not null,
        email varchar(100),
        memo varchar(255),
        nickname varchar(100),
        user_password varchar(255) not null,
        primary key (user_id)
    )
Hibernate: create index IDX571gx7oqo5xpmgocegaidlcu9 on article (title)
Hibernate: create index IDXrmt77yibijtk4sarremr67saa on article (created_at)
Hibernate: create index IDXjl4utii2etiocimt799wvtuvv on article (created_by)
Hibernate: create index IDXpieqqnljv147sefofs56h25qx on article_comment (content)
Hibernate: create index IDXh1jx107qecntcbcpc2vfb07ij on article_comment (created_at)
Hibernate: create index IDXc6pa61djuf2o8xnceyyvtdbaq on article_comment (created_by)
Hibernate: create index IDXqsw749049hk4qchgifri26i47 on hashtag (created_at)
Hibernate: create index IDX86k52tgc32cdprjluy33m0k2d on hashtag (created_by)
Hibernate: 
    
    alter table hashtag 
       add constraint UKl5g14scs493ujoy0bh0slbp7a unique (hashtag_name)
Hibernate: create index IDXogja11wxoxigeh554wd4094xv on user_account (created_at)
Hibernate: create index IDX9twf822xbr2e0qcmnxueulgfw on user_account (created_by)
Hibernate: 
    
    alter table user_account 
       add constraint UKhl02wv5hym99ys465woijmfib unique (email)
Hibernate: 
    
    alter table article 
       add constraint FK81hjxo20c0so6pxe8rjpjlhj4 
       foreign key (user_id) 
       references user_account
Hibernate: 
    
    alter table article_hashtag 
       add constraint FKe3ccvxb3rjbjyugsttrkpabma 
       foreign key (hashtag_id) 
       references hashtag
Hibernate: 
    
    alter table article_hashtag 
       add constraint FK4adimje6fx9kut67u6jd9c174 
       foreign key (article_id) 
       references article
Hibernate: 
    
    alter table article_comment 
       add constraint FKghmocqkgqs5tkmucf5putw64t 
       foreign key (article_id) 
       references article
Hibernate: 
    
    alter table article_comment 
       add constraint FK67dybe2dob8uvrr7fyicyb1no 
       foreign key (user_id) 
       references user_account
2023-09-19 06:45:25.439  INFO 17372 --- [    Test worker] o.h.e.t.j.p.i.JtaPlatformInitiator       : HHH000490: Using JtaPlatform implementation: [org.hibernate.engine.transaction.jta.platform.internal.NoJtaPlatform]
2023-09-19 06:45:25.449  INFO 17372 --- [    Test worker] j.LocalContainerEntityManagerFactoryBean : Initialized JPA EntityManagerFactory for persistence unit 'default'
2023-09-19 06:45:27.298  INFO 17372 --- [    Test worker] o.s.b.a.w.s.WelcomePageHandlerMapping    : Adding welcome page template: index
2023-09-19 06:45:27.384 DEBUG 17372 --- [    Test worker] s.w.s.m.m.a.RequestMappingHandlerMapping : 17 mappings in 'requestMappingHandlerMapping'
2023-09-19 06:45:28.714 DEBUG 17372 --- [    Test worker] o.s.w.s.handler.SimpleUrlHandlerMapping  : Patterns [/webjars/**, /**, /swagger-ui*/**, /api/explorer/**] in 'resourceHandlerMapping'
2023-09-19 06:45:29.089  INFO 17372 --- [    Test worker] o.s.b.a.e.web.EndpointLinksResolver      : Exposing 13 endpoint(s) beneath base path '/actuator'
2023-09-19 06:45:29.266  INFO 17372 --- [    Test worker] o.s.s.web.DefaultSecurityFilterChain     : Will secure any request with [org.springframework.security.web.session.DisableEncodeUrlFilter@16cc5e51, org.springframework.security.web.context.request.async.WebAsyncManagerIntegrationFilter@72090a80, org.springframework.security.web.context.SecurityContextPersistenceFilter@15d18b61, org.springframework.security.web.header.HeaderWriterFilter@6bca3b27, org.springframework.security.web.csrf.CsrfFilter@70b437bb, org.springframework.security.web.authentication.logout.LogoutFilter@65208c91, org.springframework.security.oauth2.client.web.OAuth2AuthorizationRequestRedirectFilter@1268ac94, org.springframework.security.oauth2.client.web.OAuth2LoginAuthenticationFilter@105e9fef, org.springframework.security.web.authentication.UsernamePasswordAuthenticationFilter@5545c42, org.springframework.security.web.authentication.ui.DefaultLoginPageGeneratingFilter@38007ead, org.springframework.security.web.authentication.ui.DefaultLogoutPageGeneratingFilter@198c97d0, org.springframework.security.web.savedrequest.RequestCacheAwareFilter@2787abe4, org.springframework.security.web.servletapi.SecurityContextHolderAwareRequestFilter@eb1d7c8, org.springframework.security.web.authentication.AnonymousAuthenticationFilter@25e9f5e6, org.springframework.security.web.session.SessionManagementFilter@38911759, org.springframework.security.web.access.ExceptionTranslationFilter@6e1d939e, org.springframework.security.web.access.intercept.AuthorizationFilter@2f19ab6]
2023-09-19 06:45:29.526 DEBUG 17372 --- [    Test worker] s.w.s.m.m.a.RequestMappingHandlerAdapter : ControllerAdvice beans: 0 @ModelAttribute, 0 @InitBinder, 1 RequestBodyAdvice, 1 ResponseBodyAdvice
2023-09-19 06:45:29.589 DEBUG 17372 --- [    Test worker] .m.m.a.ExceptionHandlerExceptionResolver : ControllerAdvice beans: 2 @ExceptionHandler, 1 ResponseBodyAdvice
2023-09-19 06:45:30.350  INFO 17372 --- [    Test worker] c.y.r.ReadingGardenApplicationTests      : Started ReadingGardenApplicationTests in 8.936 seconds (JVM running for 10.371)
]]></system-out>
  <system-err><![CDATA[]]></system-err>
</testsuite>
