<?xml version="1.0" encoding="UTF-8"?>
<testsuite name="View 컨트롤러 - 댓글" tests="3" skipped="0" failures="0" errors="0" timestamp="2023-09-18T21:45:31" hostname="YEONEW-DESKTOP" time="0.194">
  <properties/>
  <testcase name="[view][GET] 댓글 삭제 - 정상 호출" classname="com.yeonew.readinggarden.controller.ArticleCommentControllerTest" time="0.139"/>
  <testcase name="[view][POST] 대댓글 등록 - 정상 호출" classname="com.yeonew.readinggarden.controller.ArticleCommentControllerTest" time="0.043"/>
  <testcase name="[view][POST] 댓글 등록 - 정상 호출" classname="com.yeonew.readinggarden.controller.ArticleCommentControllerTest" time="0.009"/>
  <system-out><![CDATA[2023-09-19 06:45:30.593  INFO 17372 --- [    Test worker] .b.t.a.w.s.WebMvcTestContextBootstrapper : Neither @ContextConfiguration nor @ContextHierarchy found for test class [com.yeonew.readinggarden.controller.ArticleCommentControllerTest], using SpringBootContextLoader
2023-09-19 06:45:30.595  INFO 17372 --- [    Test worker] o.s.t.c.support.AbstractContextLoader    : Could not detect default resource locations for test class [com.yeonew.readinggarden.controller.ArticleCommentControllerTest]: no resource found for suffixes {-context.xml, Context.groovy}.
2023-09-19 06:45:30.595  INFO 17372 --- [    Test worker] t.c.s.AnnotationConfigContextLoaderUtils : Could not detect default configuration classes for test class [com.yeonew.readinggarden.controller.ArticleCommentControllerTest]: ArticleCommentControllerTest does not declare any static, non-private, non-final, nested classes annotated with @Configuration.
2023-09-19 06:45:30.618  INFO 17372 --- [    Test worker] .b.t.c.SpringBootTestContextBootstrapper : Found @SpringBootConfiguration com.yeonew.readinggarden.ReadingGardenApplication for test class com.yeonew.readinggarden.controller.ArticleCommentControllerTest
2023-09-19 06:45:30.618  INFO 17372 --- [    Test worker] .b.t.a.w.s.WebMvcTestContextBootstrapper : Loaded default TestExecutionListener class names from location [META-INF/spring.factories]: [org.springframework.security.test.context.support.WithSecurityContextTestExecutionListener, org.springframework.security.test.context.support.ReactorContextTestExecutionListener, org.springframework.boot.test.autoconfigure.restdocs.RestDocsTestExecutionListener, org.springframework.boot.test.autoconfigure.web.client.MockRestServiceServerResetTestExecutionListener, org.springframework.boot.test.autoconfigure.web.servlet.MockMvcPrintOnlyOnFailureTestExecutionListener, org.springframework.boot.test.autoconfigure.web.servlet.WebDriverTestExecutionListener, org.springframework.boot.test.autoconfigure.webservices.client.MockWebServiceServerTestExecutionListener, org.springframework.boot.test.mock.mockito.MockitoTestExecutionListener, org.springframework.boot.test.mock.mockito.ResetMocksTestExecutionListener, org.springframework.test.context.web.ServletTestExecutionListener, org.springframework.test.context.support.DirtiesContextBeforeModesTestExecutionListener, org.springframework.test.context.event.ApplicationEventsTestExecutionListener, org.springframework.test.context.support.DependencyInjectionTestExecutionListener, org.springframework.test.context.support.DirtiesContextTestExecutionListener, org.springframework.test.context.transaction.TransactionalTestExecutionListener, org.springframework.test.context.jdbc.SqlScriptsTestExecutionListener, org.springframework.test.context.event.EventPublishingTestExecutionListener]
2023-09-19 06:45:30.619  INFO 17372 --- [    Test worker] .b.t.a.w.s.WebMvcTestContextBootstrapper : Using TestExecutionListeners: [org.springframework.test.context.web.ServletTestExecutionListener@64001530, org.springframework.test.context.support.DirtiesContextBeforeModesTestExecutionListener@1f9b8c23, org.springframework.test.context.event.ApplicationEventsTestExecutionListener@6b297a62, org.springframework.boot.test.mock.mockito.MockitoTestExecutionListener@11303cb, org.springframework.boot.test.autoconfigure.SpringBootDependencyInjectionTestExecutionListener@655e3f4c, org.springframework.test.context.support.DirtiesContextTestExecutionListener@26e74d50, org.springframework.test.context.transaction.TransactionalTestExecutionListener@6bdc984, org.springframework.test.context.jdbc.SqlScriptsTestExecutionListener@1f299fc3, org.springframework.security.test.context.support.WithSecurityContextTestExecutionListener@b997735, org.springframework.test.context.event.EventPublishingTestExecutionListener@178826db, org.springframework.security.test.context.support.ReactorContextTestExecutionListener@7f913c47, org.springframework.boot.test.autoconfigure.restdocs.RestDocsTestExecutionListener@2c9573f1, org.springframework.boot.test.autoconfigure.web.client.MockRestServiceServerResetTestExecutionListener@6cf58989, org.springframework.boot.test.autoconfigure.web.servlet.MockMvcPrintOnlyOnFailureTestExecutionListener@3a1dc432, org.springframework.boot.test.autoconfigure.web.servlet.WebDriverTestExecutionListener@4c18b432, org.springframework.boot.test.autoconfigure.webservices.client.MockWebServiceServerTestExecutionListener@4b954cbb, org.springframework.boot.test.mock.mockito.ResetMocksTestExecutionListener@bec2d81]

  .   ____          _            __ _ _
 /\\ / ___'_ __ _ _(_)_ __  __ _ \ \ \ \
( ( )\___ | '_ | '_| | '_ \/ _` | \ \ \ \
 \\/  ___)| |_)| | | | | || (_| |  ) ) ) )
  '  |____| .__|_| |_|_| |_\__, | / / / /
 =========|_|==============|___/=/_/_/_/
 :: Spring Boot ::                (v2.7.0)

2023-09-19 06:45:30.652  INFO 17372 --- [    Test worker] c.y.r.c.ArticleCommentControllerTest     : Starting ArticleCommentControllerTest using Java 17.0.5 on YEONEW-DESKTOP with PID 17372 (started by user in D:\workspace\project\reaing-garden)
2023-09-19 06:45:30.652 DEBUG 17372 --- [    Test worker] c.y.r.c.ArticleCommentControllerTest     : Running with Spring Boot v2.7.0, Spring v5.3.20
2023-09-19 06:45:30.652  INFO 17372 --- [    Test worker] c.y.r.c.ArticleCommentControllerTest     : No active profile set, falling back to 1 default profile: "default"
2023-09-19 06:45:31.007  INFO 17372 --- [    Test worker] o.s.b.a.w.s.WelcomePageHandlerMapping    : Adding welcome page template: index
2023-09-19 06:45:31.027 DEBUG 17372 --- [    Test worker] s.w.s.m.m.a.RequestMappingHandlerMapping : 4 mappings in 'requestMappingHandlerMapping'
2023-09-19 06:45:31.530 DEBUG 17372 --- [    Test worker] o.s.w.s.handler.SimpleUrlHandlerMapping  : Patterns [/webjars/**, /**] in 'resourceHandlerMapping'
2023-09-19 06:45:31.614  INFO 17372 --- [    Test worker] o.s.s.web.DefaultSecurityFilterChain     : Will secure any request with [org.springframework.security.web.session.DisableEncodeUrlFilter@5039de18, org.springframework.security.web.context.request.async.WebAsyncManagerIntegrationFilter@2f96e49f, org.springframework.security.web.context.SecurityContextPersistenceFilter@51cbd1d, org.springframework.security.web.header.HeaderWriterFilter@27c05ed9, org.springframework.security.web.csrf.CsrfFilter@2338eeef, org.springframework.security.web.authentication.logout.LogoutFilter@b6db92b, org.springframework.security.oauth2.client.web.OAuth2AuthorizationRequestRedirectFilter@22152da0, org.springframework.security.oauth2.client.web.OAuth2LoginAuthenticationFilter@b6c290a, org.springframework.security.web.authentication.UsernamePasswordAuthenticationFilter@445760e0, org.springframework.security.web.authentication.ui.DefaultLoginPageGeneratingFilter@594ea722, org.springframework.security.web.authentication.ui.DefaultLogoutPageGeneratingFilter@24e5a4e0, org.springframework.security.web.savedrequest.RequestCacheAwareFilter@26f29ee5, org.springframework.security.web.servletapi.SecurityContextHolderAwareRequestFilter@3e13a74, org.springframework.security.web.authentication.AnonymousAuthenticationFilter@4e2bed0f, org.springframework.security.web.session.SessionManagementFilter@61377842, org.springframework.security.web.access.ExceptionTranslationFilter@41fc5625, org.springframework.security.web.access.intercept.AuthorizationFilter@2d0ed017]
2023-09-19 06:45:31.676 DEBUG 17372 --- [    Test worker] s.w.s.m.m.a.RequestMappingHandlerAdapter : ControllerAdvice beans: 0 @ModelAttribute, 0 @InitBinder, 1 RequestBodyAdvice, 1 ResponseBodyAdvice
2023-09-19 06:45:31.695 DEBUG 17372 --- [    Test worker] .m.m.a.ExceptionHandlerExceptionResolver : ControllerAdvice beans: 0 @ExceptionHandler, 1 ResponseBodyAdvice
2023-09-19 06:45:31.843  INFO 17372 --- [    Test worker] o.s.b.t.m.w.SpringBootMockServletContext : Initializing Spring TestDispatcherServlet ''
2023-09-19 06:45:31.843  INFO 17372 --- [    Test worker] o.s.t.web.servlet.TestDispatcherServlet  : Initializing Servlet ''
2023-09-19 06:45:31.844  INFO 17372 --- [    Test worker] o.s.t.web.servlet.TestDispatcherServlet  : Completed initialization in 1 ms
2023-09-19 06:45:31.858  INFO 17372 --- [    Test worker] c.y.r.c.ArticleCommentControllerTest     : Started ArticleCommentControllerTest in 1.232 seconds (JVM running for 11.88)
2023-09-19 06:45:31.949 DEBUG 17372 --- [    Test worker] s.w.s.m.m.a.RequestMappingHandlerMapping : Mapped to com.yeonew.readinggarden.controller.ArticleCommentController#deleteArticleComment(Long, BoardPrincipal, Long)
2023-09-19 06:45:31.954 DEBUG 17372 --- [    Test worker] s.w.s.m.m.a.RequestMappingHandlerMapping : Mapped to com.yeonew.readinggarden.controller.ArticleCommentController#deleteArticleComment(Long, BoardPrincipal, Long)
2023-09-19 06:45:31.979 DEBUG 17372 --- [    Test worker] o.s.web.servlet.view.RedirectView        : View name 'redirect:', model {}
2023-09-19 06:45:32.040 DEBUG 17372 --- [    Test worker] s.w.s.m.m.a.RequestMappingHandlerMapping : Mapped to com.yeonew.readinggarden.controller.ArticleCommentController#postNewArticleComment(BoardPrincipal, ArticleCommentRequest)
2023-09-19 06:45:32.040 DEBUG 17372 --- [    Test worker] s.w.s.m.m.a.RequestMappingHandlerMapping : Mapped to com.yeonew.readinggarden.controller.ArticleCommentController#postNewArticleComment(BoardPrincipal, ArticleCommentRequest)
2023-09-19 06:45:32.048 DEBUG 17372 --- [    Test worker] o.s.web.servlet.view.RedirectView        : View name 'redirect:', model {}
2023-09-19 06:45:32.057 DEBUG 17372 --- [    Test worker] s.w.s.m.m.a.RequestMappingHandlerMapping : Mapped to com.yeonew.readinggarden.controller.ArticleCommentController#postNewArticleComment(BoardPrincipal, ArticleCommentRequest)
2023-09-19 06:45:32.057 DEBUG 17372 --- [    Test worker] s.w.s.m.m.a.RequestMappingHandlerMapping : Mapped to com.yeonew.readinggarden.controller.ArticleCommentController#postNewArticleComment(BoardPrincipal, ArticleCommentRequest)
2023-09-19 06:45:32.058 DEBUG 17372 --- [    Test worker] o.s.web.servlet.view.RedirectView        : View name 'redirect:', model {}
]]></system-out>
  <system-err><![CDATA[]]></system-err>
</testsuite>
