<?xml version="1.0" encoding="UTF-8"?>
<testsuite name="View 컨트롤러 - 인증" tests="1" skipped="0" failures="0" errors="0" timestamp="2023-09-18T21:45:37" hostname="YEONEW-DESKTOP" time="0.019">
  <properties/>
  <testcase name="[view][GET] 로그인 페이지 - 정상 호출" classname="com.yeonew.readinggarden.controller.AuthControllerTest" time="0.019"/>
  <system-out><![CDATA[2023-09-19 06:45:33.661  INFO 17372 --- [    Test worker] .b.t.a.w.s.WebMvcTestContextBootstrapper : Neither @ContextConfiguration nor @ContextHierarchy found for test class [com.yeonew.readinggarden.controller.AuthControllerTest], using SpringBootContextLoader
2023-09-19 06:45:33.662  INFO 17372 --- [    Test worker] o.s.t.c.support.AbstractContextLoader    : Could not detect default resource locations for test class [com.yeonew.readinggarden.controller.AuthControllerTest]: no resource found for suffixes {-context.xml, Context.groovy}.
2023-09-19 06:45:33.662  INFO 17372 --- [    Test worker] t.c.s.AnnotationConfigContextLoaderUtils : Could not detect default configuration classes for test class [com.yeonew.readinggarden.controller.AuthControllerTest]: AuthControllerTest does not declare any static, non-private, non-final, nested classes annotated with @Configuration.
2023-09-19 06:45:33.665  INFO 17372 --- [    Test worker] .b.t.c.SpringBootTestContextBootstrapper : Found @SpringBootConfiguration com.yeonew.readinggarden.ReadingGardenApplication for test class com.yeonew.readinggarden.controller.AuthControllerTest
2023-09-19 06:45:33.666  INFO 17372 --- [    Test worker] .b.t.a.w.s.WebMvcTestContextBootstrapper : Loaded default TestExecutionListener class names from location [META-INF/spring.factories]: [org.springframework.security.test.context.support.WithSecurityContextTestExecutionListener, org.springframework.security.test.context.support.ReactorContextTestExecutionListener, org.springframework.boot.test.autoconfigure.restdocs.RestDocsTestExecutionListener, org.springframework.boot.test.autoconfigure.web.client.MockRestServiceServerResetTestExecutionListener, org.springframework.boot.test.autoconfigure.web.servlet.MockMvcPrintOnlyOnFailureTestExecutionListener, org.springframework.boot.test.autoconfigure.web.servlet.WebDriverTestExecutionListener, org.springframework.boot.test.autoconfigure.webservices.client.MockWebServiceServerTestExecutionListener, org.springframework.boot.test.mock.mockito.MockitoTestExecutionListener, org.springframework.boot.test.mock.mockito.ResetMocksTestExecutionListener, org.springframework.test.context.web.ServletTestExecutionListener, org.springframework.test.context.support.DirtiesContextBeforeModesTestExecutionListener, org.springframework.test.context.event.ApplicationEventsTestExecutionListener, org.springframework.test.context.support.DependencyInjectionTestExecutionListener, org.springframework.test.context.support.DirtiesContextTestExecutionListener, org.springframework.test.context.transaction.TransactionalTestExecutionListener, org.springframework.test.context.jdbc.SqlScriptsTestExecutionListener, org.springframework.test.context.event.EventPublishingTestExecutionListener]
2023-09-19 06:45:33.667  INFO 17372 --- [    Test worker] .b.t.a.w.s.WebMvcTestContextBootstrapper : Using TestExecutionListeners: [org.springframework.test.context.web.ServletTestExecutionListener@367e6aa4, org.springframework.test.context.support.DirtiesContextBeforeModesTestExecutionListener@6e858790, org.springframework.test.context.event.ApplicationEventsTestExecutionListener@621104df, org.springframework.boot.test.mock.mockito.MockitoTestExecutionListener@61dcf21f, org.springframework.boot.test.autoconfigure.SpringBootDependencyInjectionTestExecutionListener@24328fca, org.springframework.test.context.support.DirtiesContextTestExecutionListener@66c935db, org.springframework.test.context.transaction.TransactionalTestExecutionListener@c94f221, org.springframework.test.context.jdbc.SqlScriptsTestExecutionListener@adeb5a6, org.springframework.security.test.context.support.WithSecurityContextTestExecutionListener@3a2227e8, org.springframework.test.context.event.EventPublishingTestExecutionListener@156aba9a, org.springframework.security.test.context.support.ReactorContextTestExecutionListener@3ec457ec, org.springframework.boot.test.autoconfigure.restdocs.RestDocsTestExecutionListener@4148a617, org.springframework.boot.test.autoconfigure.web.client.MockRestServiceServerResetTestExecutionListener@6afec4b1, org.springframework.boot.test.autoconfigure.web.servlet.MockMvcPrintOnlyOnFailureTestExecutionListener@2a801d1e, org.springframework.boot.test.autoconfigure.web.servlet.WebDriverTestExecutionListener@36e74495, org.springframework.boot.test.autoconfigure.webservices.client.MockWebServiceServerTestExecutionListener@321b3440, org.springframework.boot.test.mock.mockito.ResetMocksTestExecutionListener@2e5ca5fe]

  .   ____          _            __ _ _
 /\\ / ___'_ __ _ _(_)_ __  __ _ \ \ \ \
( ( )\___ | '_ | '_| | '_ \/ _` | \ \ \ \
 \\/  ___)| |_)| | | | | || (_| |  ) ) ) )
  '  |____| .__|_| |_|_| |_\__, | / / / /
 =========|_|==============|___/=/_/_/_/
 :: Spring Boot ::                (v2.7.0)

2023-09-19 06:45:33.690  INFO 17372 --- [    Test worker] c.y.r.controller.AuthControllerTest      : Starting AuthControllerTest using Java 17.0.5 on YEONEW-DESKTOP with PID 17372 (started by user in D:\workspace\project\reaing-garden)
2023-09-19 06:45:33.690 DEBUG 17372 --- [    Test worker] c.y.r.controller.AuthControllerTest      : Running with Spring Boot v2.7.0, Spring v5.3.20
2023-09-19 06:45:33.690  INFO 17372 --- [    Test worker] c.y.r.controller.AuthControllerTest      : No active profile set, falling back to 1 default profile: "default"
2023-09-19 06:45:33.937  INFO 17372 --- [    Test worker] o.s.b.a.w.s.WelcomePageHandlerMapping    : Adding welcome page template: index
2023-09-19 06:45:33.956 DEBUG 17372 --- [    Test worker] s.w.s.m.m.a.RequestMappingHandlerMapping : 2 mappings in 'requestMappingHandlerMapping'
2023-09-19 06:45:36.224 DEBUG 17372 --- [    Test worker] o.s.w.s.handler.SimpleUrlHandlerMapping  : Patterns [/webjars/**, /**] in 'resourceHandlerMapping'
2023-09-19 06:45:36.457  INFO 17372 --- [    Test worker] o.s.s.web.DefaultSecurityFilterChain     : Will secure any request with [org.springframework.security.web.session.DisableEncodeUrlFilter@1fa4db07, org.springframework.security.web.context.request.async.WebAsyncManagerIntegrationFilter@55db4eea, org.springframework.security.web.context.SecurityContextPersistenceFilter@3631667d, org.springframework.security.web.header.HeaderWriterFilter@9a183e7, org.springframework.security.web.csrf.CsrfFilter@a5e9de1, org.springframework.security.web.authentication.logout.LogoutFilter@766c225c, org.springframework.security.oauth2.client.web.OAuth2AuthorizationRequestRedirectFilter@3e45ca81, org.springframework.security.oauth2.client.web.OAuth2LoginAuthenticationFilter@3cc9957d, org.springframework.security.web.authentication.UsernamePasswordAuthenticationFilter@29ac632a, org.springframework.security.web.authentication.ui.DefaultLoginPageGeneratingFilter@879ce67, org.springframework.security.web.authentication.ui.DefaultLogoutPageGeneratingFilter@45da9712, org.springframework.security.web.savedrequest.RequestCacheAwareFilter@37de86e1, org.springframework.security.web.servletapi.SecurityContextHolderAwareRequestFilter@32e58546, org.springframework.security.web.authentication.AnonymousAuthenticationFilter@354880a9, org.springframework.security.web.session.SessionManagementFilter@487e4b06, org.springframework.security.web.access.ExceptionTranslationFilter@452888c2, org.springframework.security.web.access.intercept.AuthorizationFilter@2ef1b7f4]
2023-09-19 06:45:36.558 DEBUG 17372 --- [    Test worker] s.w.s.m.m.a.RequestMappingHandlerAdapter : ControllerAdvice beans: 0 @ModelAttribute, 0 @InitBinder, 1 RequestBodyAdvice, 1 ResponseBodyAdvice
2023-09-19 06:45:36.608 DEBUG 17372 --- [    Test worker] .m.m.a.ExceptionHandlerExceptionResolver : ControllerAdvice beans: 0 @ExceptionHandler, 1 ResponseBodyAdvice
2023-09-19 06:45:37.344  INFO 17372 --- [    Test worker] o.s.b.t.m.w.SpringBootMockServletContext : Initializing Spring TestDispatcherServlet ''
2023-09-19 06:45:37.344  INFO 17372 --- [    Test worker] o.s.t.web.servlet.TestDispatcherServlet  : Initializing Servlet ''
2023-09-19 06:45:37.345  INFO 17372 --- [    Test worker] o.s.t.web.servlet.TestDispatcherServlet  : Completed initialization in 1 ms
2023-09-19 06:45:37.369  INFO 17372 --- [    Test worker] c.y.r.controller.AuthControllerTest      : Started AuthControllerTest in 3.7 seconds (JVM running for 17.39)
]]></system-out>
  <system-err><![CDATA[]]></system-err>
</testsuite>
