<?xml version="1.0" encoding="UTF-8"?>
<testsuite name="비즈니스 로직 - 페이지네이션" tests="11" skipped="0" failures="0" errors="0" timestamp="2023-09-18T21:45:41" hostname="YEONEW-DESKTOP" time="0.03">
  <properties/>
  <testcase name="[1] 현재 페이지: 0, 총 페이지: 13 =&gt; [0, 1, 2, 3, 4]" classname="com.yeonew.readinggarden.service.PaginationServiceTest" time="0.003"/>
  <testcase name="[2] 현재 페이지: 1, 총 페이지: 13 =&gt; [0, 1, 2, 3, 4]" classname="com.yeonew.readinggarden.service.PaginationServiceTest" time="0.002"/>
  <testcase name="[3] 현재 페이지: 2, 총 페이지: 13 =&gt; [0, 1, 2, 3, 4]" classname="com.yeonew.readinggarden.service.PaginationServiceTest" time="0.002"/>
  <testcase name="[4] 현재 페이지: 3, 총 페이지: 13 =&gt; [1, 2, 3, 4, 5]" classname="com.yeonew.readinggarden.service.PaginationServiceTest" time="0.002"/>
  <testcase name="[5] 현재 페이지: 4, 총 페이지: 13 =&gt; [2, 3, 4, 5, 6]" classname="com.yeonew.readinggarden.service.PaginationServiceTest" time="0.002"/>
  <testcase name="[6] 현재 페이지: 5, 총 페이지: 13 =&gt; [3, 4, 5, 6, 7]" classname="com.yeonew.readinggarden.service.PaginationServiceTest" time="0.002"/>
  <testcase name="[7] 현재 페이지: 6, 총 페이지: 13 =&gt; [4, 5, 6, 7, 8]" classname="com.yeonew.readinggarden.service.PaginationServiceTest" time="0.001"/>
  <testcase name="[8] 현재 페이지: 10, 총 페이지: 13 =&gt; [8, 9, 10, 11, 12]" classname="com.yeonew.readinggarden.service.PaginationServiceTest" time="0.002"/>
  <testcase name="[9] 현재 페이지: 11, 총 페이지: 13 =&gt; [9, 10, 11, 12]" classname="com.yeonew.readinggarden.service.PaginationServiceTest" time="0.002"/>
  <testcase name="[10] 현재 페이지: 12, 총 페이지: 13 =&gt; [10, 11, 12]" classname="com.yeonew.readinggarden.service.PaginationServiceTest" time="0.002"/>
  <testcase name="현재 설정되어 있는 페이지네이션 바의 길이를 알려준다." classname="com.yeonew.readinggarden.service.PaginationServiceTest" time="0.001"/>
  <system-out><![CDATA[2023-09-19 06:45:41.406  INFO 17372 --- [    Test worker] .b.t.c.SpringBootTestContextBootstrapper : Neither @ContextConfiguration nor @ContextHierarchy found for test class [com.yeonew.readinggarden.service.PaginationServiceTest], using SpringBootContextLoader
2023-09-19 06:45:41.406  INFO 17372 --- [    Test worker] o.s.t.c.support.AbstractContextLoader    : Could not detect default resource locations for test class [com.yeonew.readinggarden.service.PaginationServiceTest]: no resource found for suffixes {-context.xml, Context.groovy}.
2023-09-19 06:45:41.409  INFO 17372 --- [    Test worker] .b.t.c.SpringBootTestContextBootstrapper : Loaded default TestExecutionListener class names from location [META-INF/spring.factories]: [org.springframework.security.test.context.support.WithSecurityContextTestExecutionListener, org.springframework.security.test.context.support.ReactorContextTestExecutionListener, org.springframework.boot.test.autoconfigure.restdocs.RestDocsTestExecutionListener, org.springframework.boot.test.autoconfigure.web.client.MockRestServiceServerResetTestExecutionListener, org.springframework.boot.test.autoconfigure.web.servlet.MockMvcPrintOnlyOnFailureTestExecutionListener, org.springframework.boot.test.autoconfigure.web.servlet.WebDriverTestExecutionListener, org.springframework.boot.test.autoconfigure.webservices.client.MockWebServiceServerTestExecutionListener, org.springframework.boot.test.mock.mockito.MockitoTestExecutionListener, org.springframework.boot.test.mock.mockito.ResetMocksTestExecutionListener, org.springframework.test.context.web.ServletTestExecutionListener, org.springframework.test.context.support.DirtiesContextBeforeModesTestExecutionListener, org.springframework.test.context.event.ApplicationEventsTestExecutionListener, org.springframework.test.context.support.DependencyInjectionTestExecutionListener, org.springframework.test.context.support.DirtiesContextTestExecutionListener, org.springframework.test.context.transaction.TransactionalTestExecutionListener, org.springframework.test.context.jdbc.SqlScriptsTestExecutionListener, org.springframework.test.context.event.EventPublishingTestExecutionListener]
2023-09-19 06:45:41.409  INFO 17372 --- [    Test worker] .b.t.c.SpringBootTestContextBootstrapper : Using TestExecutionListeners: [org.springframework.test.context.web.ServletTestExecutionListener@2edd4b9f, org.springframework.test.context.support.DirtiesContextBeforeModesTestExecutionListener@bc309af, org.springframework.test.context.event.ApplicationEventsTestExecutionListener@25afdf7e, org.springframework.boot.test.mock.mockito.MockitoTestExecutionListener@4c0338a7, org.springframework.boot.test.autoconfigure.SpringBootDependencyInjectionTestExecutionListener@8c6030b, org.springframework.test.context.support.DirtiesContextTestExecutionListener@1bdbfdcd, org.springframework.test.context.transaction.TransactionalTestExecutionListener@405495e7, org.springframework.test.context.jdbc.SqlScriptsTestExecutionListener@15c75b4a, org.springframework.security.test.context.support.WithSecurityContextTestExecutionListener@2d21dca2, org.springframework.test.context.event.EventPublishingTestExecutionListener@6950795e, org.springframework.security.test.context.support.ReactorContextTestExecutionListener@d4f223e, org.springframework.boot.test.autoconfigure.restdocs.RestDocsTestExecutionListener@227d25d6, org.springframework.boot.test.autoconfigure.web.client.MockRestServiceServerResetTestExecutionListener@19a39f7, org.springframework.boot.test.autoconfigure.web.servlet.MockMvcPrintOnlyOnFailureTestExecutionListener@6bea3a13, org.springframework.boot.test.autoconfigure.web.servlet.WebDriverTestExecutionListener@1f40bb82, org.springframework.boot.test.autoconfigure.webservices.client.MockWebServiceServerTestExecutionListener@54586e29, org.springframework.boot.test.mock.mockito.ResetMocksTestExecutionListener@45da0d4]

  .   ____          _            __ _ _
 /\\ / ___'_ __ _ _(_)_ __  __ _ \ \ \ \
( ( )\___ | '_ | '_| | '_ \/ _` | \ \ \ \
 \\/  ___)| |_)| | | | | || (_| |  ) ) ) )
  '  |____| .__|_| |_|_| |_\__, | / / / /
 =========|_|==============|___/=/_/_/_/
 :: Spring Boot ::                (v2.7.0)

2023-09-19 06:45:41.429  INFO 17372 --- [    Test worker] c.y.r.service.PaginationServiceTest      : Starting PaginationServiceTest using Java 17.0.5 on YEONEW-DESKTOP with PID 17372 (started by user in D:\workspace\project\reaing-garden)
2023-09-19 06:45:41.429 DEBUG 17372 --- [    Test worker] c.y.r.service.PaginationServiceTest      : Running with Spring Boot v2.7.0, Spring v5.3.20
2023-09-19 06:45:41.429  INFO 17372 --- [    Test worker] c.y.r.service.PaginationServiceTest      : No active profile set, falling back to 1 default profile: "default"
2023-09-19 06:45:41.437  INFO 17372 --- [    Test worker] c.y.r.service.PaginationServiceTest      : Started PaginationServiceTest in 0.025 seconds (JVM running for 21.458)
]]></system-out>
  <system-err><![CDATA[]]></system-err>
</testsuite>
