<?xml version="1.0" encoding="UTF-8"?>
<testsuite name="테스트 도구 - Form 데이터 인코더" tests="1" skipped="0" failures="0" errors="0" timestamp="2023-09-18T21:45:41" hostname="YEONEW-DESKTOP" time="0.009">
  <properties/>
  <testcase name="객체를 넣으면, url encoding 된 form body data 형식의 문자열을 돌려준다." classname="com.yeonew.readinggarden.util.FormDataEncoderTest" time="0.009"/>
  <system-out><![CDATA[2023-09-19 06:45:41.478  INFO 17372 --- [    Test worker] .b.t.c.SpringBootTestContextBootstrapper : Neither @ContextConfiguration nor @ContextHierarchy found for test class [com.yeonew.readinggarden.util.FormDataEncoderTest], using SpringBootContextLoader
2023-09-19 06:45:41.479  INFO 17372 --- [    Test worker] o.s.t.c.support.AbstractContextLoader    : Could not detect default resource locations for test class [com.yeonew.readinggarden.util.FormDataEncoderTest]: no resource found for suffixes {-context.xml, Context.groovy}.
2023-09-19 06:45:41.480  INFO 17372 --- [    Test worker] .b.t.c.SpringBootTestContextBootstrapper : Loaded default TestExecutionListener class names from location [META-INF/spring.factories]: [org.springframework.security.test.context.support.WithSecurityContextTestExecutionListener, org.springframework.security.test.context.support.ReactorContextTestExecutionListener, org.springframework.boot.test.autoconfigure.restdocs.RestDocsTestExecutionListener, org.springframework.boot.test.autoconfigure.web.client.MockRestServiceServerResetTestExecutionListener, org.springframework.boot.test.autoconfigure.web.servlet.MockMvcPrintOnlyOnFailureTestExecutionListener, org.springframework.boot.test.autoconfigure.web.servlet.WebDriverTestExecutionListener, org.springframework.boot.test.autoconfigure.webservices.client.MockWebServiceServerTestExecutionListener, org.springframework.boot.test.mock.mockito.MockitoTestExecutionListener, org.springframework.boot.test.mock.mockito.ResetMocksTestExecutionListener, org.springframework.test.context.web.ServletTestExecutionListener, org.springframework.test.context.support.DirtiesContextBeforeModesTestExecutionListener, org.springframework.test.context.event.ApplicationEventsTestExecutionListener, org.springframework.test.context.support.DependencyInjectionTestExecutionListener, org.springframework.test.context.support.DirtiesContextTestExecutionListener, org.springframework.test.context.transaction.TransactionalTestExecutionListener, org.springframework.test.context.jdbc.SqlScriptsTestExecutionListener, org.springframework.test.context.event.EventPublishingTestExecutionListener]
2023-09-19 06:45:41.481  INFO 17372 --- [    Test worker] .b.t.c.SpringBootTestContextBootstrapper : Using TestExecutionListeners: [org.springframework.test.context.web.ServletTestExecutionListener@3791c9b8, org.springframework.test.context.support.DirtiesContextBeforeModesTestExecutionListener@47bea04a, org.springframework.test.context.event.ApplicationEventsTestExecutionListener@3aeb6a57, org.springframework.boot.test.mock.mockito.MockitoTestExecutionListener@445eb192, org.springframework.boot.test.autoconfigure.SpringBootDependencyInjectionTestExecutionListener@7dbb7ca8, org.springframework.test.context.support.DirtiesContextTestExecutionListener@4fb52fa5, org.springframework.test.context.transaction.TransactionalTestExecutionListener@2eed4dd6, org.springframework.test.context.jdbc.SqlScriptsTestExecutionListener@1f0eabb8, org.springframework.security.test.context.support.WithSecurityContextTestExecutionListener@3976dacd, org.springframework.test.context.event.EventPublishingTestExecutionListener@5f580241, org.springframework.security.test.context.support.ReactorContextTestExecutionListener@1b1f7781, org.springframework.boot.test.autoconfigure.restdocs.RestDocsTestExecutionListener@71a65c31, org.springframework.boot.test.autoconfigure.web.client.MockRestServiceServerResetTestExecutionListener@7e09407a, org.springframework.boot.test.autoconfigure.web.servlet.MockMvcPrintOnlyOnFailureTestExecutionListener@61dc0ff0, org.springframework.boot.test.autoconfigure.web.servlet.WebDriverTestExecutionListener@11fcf35, org.springframework.boot.test.autoconfigure.webservices.client.MockWebServiceServerTestExecutionListener@421b4cf3, org.springframework.boot.test.mock.mockito.ResetMocksTestExecutionListener@7625ce5a]

  .   ____          _            __ _ _
 /\\ / ___'_ __ _ _(_)_ __  __ _ \ \ \ \
( ( )\___ | '_ | '_| | '_ \/ _` | \ \ \ \
 \\/  ___)| |_)| | | | | || (_| |  ) ) ) )
  '  |____| .__|_| |_|_| |_\__, | / / / /
 =========|_|==============|___/=/_/_/_/
 :: Spring Boot ::                (v2.7.0)

2023-09-19 06:45:41.499  INFO 17372 --- [    Test worker] c.y.r.util.FormDataEncoderTest           : Starting FormDataEncoderTest using Java 17.0.5 on YEONEW-DESKTOP with PID 17372 (started by user in D:\workspace\project\reaing-garden)
2023-09-19 06:45:41.500 DEBUG 17372 --- [    Test worker] c.y.r.util.FormDataEncoderTest           : Running with Spring Boot v2.7.0, Spring v5.3.20
2023-09-19 06:45:41.500  INFO 17372 --- [    Test worker] c.y.r.util.FormDataEncoderTest           : No active profile set, falling back to 1 default profile: "default"
2023-09-19 06:45:41.511  INFO 17372 --- [    Test worker] c.y.r.util.FormDataEncoderTest           : Started FormDataEncoderTest in 0.029 seconds (JVM running for 21.532)
]]></system-out>
  <system-err><![CDATA[]]></system-err>
</testsuite>
